Mon Nov 05 20:05:13 2018				Page     1


 
Update Symbols/Modules Logfile
	Mon Nov 05 20:05:13 2018

------ Module Refresh Messages ------

SUMMARY:    Updated 0 out of 0 modules

------ End Module Messages     ------



(---------------------------------------------------------------------)
(                                                                     )
(    Refresh Symbol                                                   )
(                                                                     )
(    Drawing          : KB_V15.brd                                    )
(    Software Version : 16.6P004                                      )
(    Date/Time        : Mon Nov 05 20:05:14 2018                      )
(                                                                     )
(---------------------------------------------------------------------)


Mon Nov 05 20:05:14 2018				Page     1


------ Symbol Refresh Directives ------

Input design = 'D:/Data/Hardware/KB_V15/KB_V15.brd'
Output design = ''
Update mechanical symbols = 'NO'
Update format symbols = 'NO'
Update package symbols = 'NO'
Update shape/flash symbols = 'NO'
Update symbol padstacks = 'NO'
Reset symbol text and size locations = 'NO'
Reset Pin Escapes (fanouts) = 'NO'
Ripup Etch = 'NO'
Reset custom drill data = 'NO'
Symbol list file = 'C:/Users/FlipFire/AppData/Local/Temp/#Taaaaad00820.tmp'


------ Library Paths ------
PSMPATH =  D:/Data/Hardware/KB_V10/Symbols/ 
           D:/library/Footprint/Symbols/ 
           D:/Data/Hardware/Second library/Symbols/ 
           D:/Hardware/M07/M07_V10/M07_Lib/Symbol/ 

PADPATH =  D:/library/Footprint/Pads/ 
           D:/Data/Hardware/Second library/Pads/ 
           D:/Data/Hardware/KB_V10/Pads/ 
           . 
           symbols 
           .. 
           ../symbols 
           C:/Cadence/SPB_16.6/share/local/pcb/padstacks 
           C:/Cadence/SPB_16.6/share/pcb/pcb_lib/symbols 
           C:/Cadence/SPB_16.6/share/pcb/allegrolib/symbols 


------ Symbol Refresh Messages ------

'USBMINICTYPESMT'  symbol refreshed successfully.
'USBATYPE'  symbol refreshed successfully.


----- Symbol Update Summary ----

Completed refreshing all symbols successfully.
